<?xml version="1.0" encoding="UTF-8"?>
<testsuite xmlns:xsi="http://www.w3.org/2001/XMLSchema-instance" xsi:noNamespaceSchemaLocation="https://maven.apache.org/surefire/maven-failsafe-plugin/xsd/failsafe-test-report-3.0.xsd" version="3.0" name="tn.esprit.tpfoyer.service.repository.ReservationRepositoryIntegrationTest" time="2.236" tests="3" errors="0" skipped="0" failures="0">
  <properties>
[...]
</properties>
  <testcase name="testFindById" classname="tn.esprit.tpfoyer.service.repository.ReservationRepositoryIntegrationTest" time="0.133">
    <system-out><![CDATA[2024-11-01T20:38:39.926+01:00  INFO 17604 --- [           main] t.c.s.AnnotationConfigContextLoaderUtils : Could not detect default configuration classes for test class [tn.esprit.tpfoyer.service.repository.ReservationRepositoryIntegrationTest]: ReservationRepositoryIntegrationTest does not declare any static, non-private, non-final, nested classes annotated with @Configuration.
2024-11-01T20:38:39.962+01:00  INFO 17604 --- [           main] .b.t.c.SpringBootTestContextBootstrapper : Found @SpringBootConfiguration tn.esprit.tpfoyer.TpFoyerApplication for test class tn.esprit.tpfoyer.service.repository.ReservationRepositoryIntegrationTest

  .   ____          _            __ _ _
 /\\ / ___'_ __ _ _(_)_ __  __ _ \ \ \ \
( ( )\___ | '_ | '_| | '_ \/ _` | \ \ \ \
 \\/  ___)| |_)| | | | | || (_| |  ) ) ) )
  '  |____| .__|_| |_|_| |_\__, | / / / /
 =========|_|==============|___/=/_/_/_/

 :: Spring Boot ::                (v3.3.4)

2024-11-01T20:38:40.004+01:00  INFO 17604 --- [           main] s.r.ReservationRepositoryIntegrationTest : Starting ReservationRepositoryIntegrationTest using Java 17.0.12 with PID 17604 (started by mejri in C:\Users\mejri\Desktop\tpGit)
2024-11-01T20:38:40.004+01:00  INFO 17604 --- [           main] s.r.ReservationRepositoryIntegrationTest : No active profile set, falling back to 1 default profile: "default"
2024-11-01T20:38:40.332+01:00  INFO 17604 --- [           main] .s.d.r.c.RepositoryConfigurationDelegate : Bootstrapping Spring Data JPA repositories in DEFAULT mode.
2024-11-01T20:38:40.360+01:00  INFO 17604 --- [           main] .s.d.r.c.RepositoryConfigurationDelegate : Finished Spring Data repository scanning in 27 ms. Found 6 JPA repository interfaces.
2024-11-01T20:38:40.517+01:00  INFO 17604 --- [           main] o.hibernate.jpa.internal.util.LogHelper  : HHH000204: Processing PersistenceUnitInfo [name: default]
2024-11-01T20:38:40.521+01:00  INFO 17604 --- [           main] o.h.c.internal.RegionFactoryInitiator    : HHH000026: Second-level cache disabled
2024-11-01T20:38:40.536+01:00  INFO 17604 --- [           main] o.s.o.j.p.SpringPersistenceUnitInfo      : No LoadTimeWeaver setup: ignoring JPA class transformer
2024-11-01T20:38:40.537+01:00  INFO 17604 --- [           main] com.zaxxer.hikari.HikariDataSource       : HikariPool-2 - Starting...
2024-11-01T20:38:40.574+01:00  INFO 17604 --- [           main] com.zaxxer.hikari.pool.HikariPool        : HikariPool-2 - Added connection com.mysql.cj.jdbc.ConnectionImpl@3985cca0
2024-11-01T20:38:40.574+01:00  INFO 17604 --- [           main] com.zaxxer.hikari.HikariDataSource       : HikariPool-2 - Start completed.
2024-11-01T20:38:40.743+01:00  INFO 17604 --- [           main] o.h.e.t.j.p.i.JtaPlatformInitiator       : HHH000489: No JTA platform available (set 'hibernate.transaction.jta.platform' to enable JTA platform integration)
2024-11-01T20:38:40.864+01:00  INFO 17604 --- [           main] j.LocalContainerEntityManagerFactoryBean : Initialized JPA EntityManagerFactory for persistence unit 'default'
2024-11-01T20:38:41.429+01:00  WARN 17604 --- [           main] JpaBaseConfiguration$JpaWebConfiguration : spring.jpa.open-in-view is enabled by default. Therefore, database queries may be performed during view rendering. Explicitly configure spring.jpa.open-in-view to disable this warning
2024-11-01T20:38:41.887+01:00  INFO 17604 --- [           main] s.r.ReservationRepositoryIntegrationTest : Started ReservationRepositoryIntegrationTest in 1.918 seconds (process running for 23.894)
2024-11-01T20:38:41.887+01:00  INFO 17604 --- [   scheduling-1] tn.esprit.tpfoyer.config.ConfigAOP       : In Metod AOP : retrieveAllBlocs
Hibernate: select b1_0.id_bloc,b1_0.capacite_bloc,b1_0.foyer_id_foyer,b1_0.nom_bloc from bloc b1_0
Hibernate: select r1_0.id_reservation,r1_0.annee_universitaire,r1_0.est_valide from reservation r1_0 where r1_0.id_reservation=?
2024-11-01T20:38:41.903+01:00  INFO 17604 --- [   scheduling-1] t.e.tpfoyer.service.BlocServiceImpl      : taille totale : 0
2024-11-01T20:38:41.903+01:00  INFO 17604 --- [   scheduling-1] tn.esprit.tpfoyer.config.ConfigAOP       : Methodexecutiontime: 16 milliseconds.
Hibernate: update reservation set annee_universitaire=?,est_valide=? where id_reservation=?
Hibernate: delete from reservation_etudiants where reservations_id_reservation=?
Hibernate: select r1_0.id_reservation,r1_0.annee_universitaire,r1_0.est_valide from reservation r1_0 where r1_0.id_reservation=?
]]></system-out>
  </testcase>
  <testcase name="testDeleteReservation" classname="tn.esprit.tpfoyer.service.repository.ReservationRepositoryIntegrationTest" time="0.056">
    <system-out><![CDATA[Hibernate: select r1_0.id_reservation,r1_0.annee_universitaire,r1_0.est_valide from reservation r1_0 where r1_0.id_reservation=?
Hibernate: update reservation set annee_universitaire=?,est_valide=? where id_reservation=?
Hibernate: delete from reservation_etudiants where reservations_id_reservation=?
Hibernate: select r1_0.id_reservation,r1_0.annee_universitaire,r1_0.est_valide from reservation r1_0 where r1_0.id_reservation=?
Hibernate: delete from reservation_etudiants where reservations_id_reservation=?
Hibernate: delete from reservation where id_reservation=?
Hibernate: select r1_0.id_reservation,r1_0.annee_universitaire,r1_0.est_valide from reservation r1_0 where r1_0.id_reservation=?
]]></system-out>
  </testcase>
  <testcase name="testFindAllReservations" classname="tn.esprit.tpfoyer.service.repository.ReservationRepositoryIntegrationTest" time="0.076">
    <system-out><![CDATA[Hibernate: select r1_0.id_reservation,r1_0.annee_universitaire,r1_0.est_valide from reservation r1_0 where r1_0.id_reservation=?
Hibernate: insert into reservation (annee_universitaire,est_valide,id_reservation) values (?,?,?)
Hibernate: select r1_0.id_reservation,r1_0.annee_universitaire,r1_0.est_valide from reservation r1_0 where r1_0.id_reservation=?
Hibernate: insert into reservation (annee_universitaire,est_valide,id_reservation) values (?,?,?)
Hibernate: select r1_0.id_reservation,r1_0.annee_universitaire,r1_0.est_valide from reservation r1_0
]]></system-out>
  </testcase>
</testsuite>