<?xml version="1.0" encoding="UTF-8"?>
<testsuite xmlns:xsi="http://www.w3.org/2001/XMLSchema-instance" xsi:noNamespaceSchemaLocation="https://maven.apache.org/surefire/maven-failsafe-plugin/xsd/failsafe-test-report-3.0.xsd" version="3.0" name="tn.esprit.tpfoyer.service.controller.ReservationControllerIntegrationTest" time="10.738" tests="2" errors="0" skipped="0" failures="0">
  <properties>
[...]
</properties>
  <testcase name="testGetReservations" classname="tn.esprit.tpfoyer.service.controller.ReservationControllerIntegrationTest" time="0.775">
    <system-out><![CDATA[22:21:45.549 [main] INFO org.springframework.test.context.support.AnnotationConfigContextLoaderUtils -- Could not detect default configuration classes for test class [tn.esprit.tpfoyer.service.controller.ReservationControllerIntegrationTest]: ReservationControllerIntegrationTest does not declare any static, non-private, non-final, nested classes annotated with @Configuration.
22:21:45.777 [main] INFO org.springframework.boot.test.context.SpringBootTestContextBootstrapper -- Found @SpringBootConfiguration tn.esprit.tpfoyer.TpFoyerApplication for test class tn.esprit.tpfoyer.service.controller.ReservationControllerIntegrationTest

  .   ____          _            __ _ _
 /\\ / ___'_ __ _ _(_)_ __  __ _ \ \ \ \
( ( )\___ | '_ | '_| | '_ \/ _` | \ \ \ \
 \\/  ___)| |_)| | | | | || (_| |  ) ) ) )
  '  |____| .__|_| |_|_| |_\__, | / / / /
 =========|_|==============|___/=/_/_/_/

 :: Spring Boot ::                (v3.3.4)

2024-11-05T22:21:46.445+01:00  INFO 1880 --- [           main] s.c.ReservationControllerIntegrationTest : Starting ReservationControllerIntegrationTest using Java 17.0.12 with PID 1880 (started by mejri in C:\Users\mejri\Desktop\tpGit)
2024-11-05T22:21:46.450+01:00  INFO 1880 --- [           main] s.c.ReservationControllerIntegrationTest : No active profile set, falling back to 1 default profile: "default"
2024-11-05T22:21:47.741+01:00  INFO 1880 --- [           main] .s.d.r.c.RepositoryConfigurationDelegate : Bootstrapping Spring Data JPA repositories in DEFAULT mode.
2024-11-05T22:21:47.901+01:00  INFO 1880 --- [           main] .s.d.r.c.RepositoryConfigurationDelegate : Finished Spring Data repository scanning in 143 ms. Found 6 JPA repository interfaces.
2024-11-05T22:21:48.915+01:00  INFO 1880 --- [           main] o.hibernate.jpa.internal.util.LogHelper  : HHH000204: Processing PersistenceUnitInfo [name: default]
2024-11-05T22:21:49.010+01:00  INFO 1880 --- [           main] org.hibernate.Version                    : HHH000412: Hibernate ORM core version 6.5.3.Final
2024-11-05T22:21:49.058+01:00  INFO 1880 --- [           main] o.h.c.internal.RegionFactoryInitiator    : HHH000026: Second-level cache disabled
2024-11-05T22:21:49.722+01:00  INFO 1880 --- [           main] o.s.o.j.p.SpringPersistenceUnitInfo      : No LoadTimeWeaver setup: ignoring JPA class transformer
2024-11-05T22:21:49.778+01:00  INFO 1880 --- [           main] com.zaxxer.hikari.HikariDataSource       : HikariPool-1 - Starting...
2024-11-05T22:21:50.204+01:00  INFO 1880 --- [           main] com.zaxxer.hikari.pool.HikariPool        : HikariPool-1 - Added connection com.mysql.cj.jdbc.ConnectionImpl@356f20b7
2024-11-05T22:21:50.208+01:00  INFO 1880 --- [           main] com.zaxxer.hikari.HikariDataSource       : HikariPool-1 - Start completed.
2024-11-05T22:21:51.673+01:00  INFO 1880 --- [           main] o.h.e.t.j.p.i.JtaPlatformInitiator       : HHH000489: No JTA platform available (set 'hibernate.transaction.jta.platform' to enable JTA platform integration)
2024-11-05T22:21:51.814+01:00  INFO 1880 --- [           main] j.LocalContainerEntityManagerFactoryBean : Initialized JPA EntityManagerFactory for persistence unit 'default'
2024-11-05T22:21:52.713+01:00  INFO 1880 --- [           main] o.s.d.j.r.query.QueryEnhancerFactory     : Hibernate is in classpath; If applicable, HQL parser will be used.
2024-11-05T22:21:53.994+01:00  WARN 1880 --- [           main] JpaBaseConfiguration$JpaWebConfiguration : spring.jpa.open-in-view is enabled by default. Therefore, database queries may be performed during view rendering. Explicitly configure spring.jpa.open-in-view to disable this warning
2024-11-05T22:21:55.067+01:00  INFO 1880 --- [           main] o.s.b.t.m.w.SpringBootMockServletContext : Initializing Spring TestDispatcherServlet ''
2024-11-05T22:21:55.067+01:00  INFO 1880 --- [           main] o.s.t.web.servlet.TestDispatcherServlet  : Initializing Servlet ''
2024-11-05T22:21:55.071+01:00  INFO 1880 --- [           main] o.s.t.web.servlet.TestDispatcherServlet  : Completed initialization in 2 ms
2024-11-05T22:21:55.103+01:00  INFO 1880 --- [           main] s.c.ReservationControllerIntegrationTest : Started ReservationControllerIntegrationTest in 9.074 seconds (process running for 10.626)
2024-11-05T22:21:55.118+01:00  INFO 1880 --- [   scheduling-1] tn.esprit.tpfoyer.config.ConfigAOP       : In Metod AOP : retrieveAllBlocs
Hibernate: select b1_0.id_bloc,b1_0.capacite_bloc,b1_0.foyer_id_foyer,b1_0.nom_bloc from bloc b1_0
2024-11-05T22:21:55.489+01:00  INFO 1880 --- [   scheduling-1] t.e.tpfoyer.service.BlocServiceImpl      : taille totale : 0
2024-11-05T22:21:55.489+01:00  INFO 1880 --- [   scheduling-1] tn.esprit.tpfoyer.config.ConfigAOP       : Methodexecutiontime: 372 milliseconds.
Hibernate: select r1_0.id_reservation,r1_0.annee_universitaire,r1_0.est_valide from reservation r1_0
Hibernate: delete from reservation_etudiants where reservations_id_reservation=?
Hibernate: delete from reservation_etudiants where reservations_id_reservation=?
Hibernate: delete from reservation where id_reservation=?
Hibernate: delete from reservation where id_reservation=?
Hibernate: select r1_0.id_reservation,r1_0.annee_universitaire,r1_0.est_valide from reservation r1_0 where r1_0.id_reservation=?
Hibernate: insert into reservation (annee_universitaire,est_valide,id_reservation) values (?,?,?)
Hibernate: select r1_0.id_reservation,r1_0.annee_universitaire,r1_0.est_valide from reservation r1_0 where r1_0.id_reservation=?
Hibernate: insert into reservation (annee_universitaire,est_valide,id_reservation) values (?,?,?)
2024-11-05T22:21:55.742+01:00  INFO 1880 --- [           main] tn.esprit.tpfoyer.config.ConfigAOP       : In Metod AOP : retrieveAllReservations
Hibernate: select r1_0.id_reservation,r1_0.annee_universitaire,r1_0.est_valide from reservation r1_0
2024-11-05T22:21:55.752+01:00  INFO 1880 --- [           main] tn.esprit.tpfoyer.config.ConfigAOP       : Methodexecutiontime: 10 milliseconds.
Hibernate: select e1_0.reservations_id_reservation,e1_1.id_etudiant,e1_1.cin_etudiant,e1_1.date_naissance,e1_1.nom_etudiant,e1_1.prenom_etudiant from reservation_etudiants e1_0 join etudiant e1_1 on e1_1.id_etudiant=e1_0.etudiants_id_etudiant where e1_0.reservations_id_reservation=?
Hibernate: select e1_0.reservations_id_reservation,e1_1.id_etudiant,e1_1.cin_etudiant,e1_1.date_naissance,e1_1.nom_etudiant,e1_1.prenom_etudiant from reservation_etudiants e1_0 join etudiant e1_1 on e1_1.id_etudiant=e1_0.etudiants_id_etudiant where e1_0.reservations_id_reservation=?
]]></system-out>
  </testcase>
  <testcase name="testAddReservation" classname="tn.esprit.tpfoyer.service.controller.ReservationControllerIntegrationTest" time="0.094">
    <system-out><![CDATA[Hibernate: select r1_0.id_reservation,r1_0.annee_universitaire,r1_0.est_valide from reservation r1_0
Hibernate: delete from reservation_etudiants where reservations_id_reservation=?
Hibernate: delete from reservation_etudiants where reservations_id_reservation=?
Hibernate: delete from reservation where id_reservation=?
Hibernate: delete from reservation where id_reservation=?
2024-11-05T22:21:55.988+01:00  INFO 1880 --- [           main] tn.esprit.tpfoyer.config.ConfigAOP       : In Metod AOP : addReservation
Hibernate: select r1_0.id_reservation,r1_0.annee_universitaire,r1_0.est_valide from reservation r1_0 where r1_0.id_reservation=?
Hibernate: insert into reservation (annee_universitaire,est_valide,id_reservation) values (?,?,?)
2024-11-05T22:21:56.000+01:00  INFO 1880 --- [           main] tn.esprit.tpfoyer.config.ConfigAOP       : Execution Réussie ! 
2024-11-05T22:21:56.001+01:00  INFO 1880 --- [           main] tn.esprit.tpfoyer.config.ConfigAOP       : Methodexecutiontime: 13 milliseconds.
]]></system-out>
  </testcase>
</testsuite>